<?xml version="1.0" encoding="UTF-8"?>
<!-- Generated by org.testng.reporters.JUnitReportReporter -->
<testsuite hostname="JayMM" failures="0" tests="1" name="testrunner.Runner" time="10.346" errors="0" timestamp="2024-09-09T20:00:02 IST" skipped="0">
  <testcase classname="testrunner.Runner" name="runScenario" time="10.346"/>
</testsuite> <!-- testrunner.Runner -->
